<?xml version="1.0" encoding="UTF-8"?>
<!-- Generated by org.testng.reporters.JUnitReportReporter -->
<testsuite skipped="0" hostname="mayank" name="ReadPDFDocuments.PDFReaderTest" tests="1" failures="0" timestamp="28 May 2020 12:56:30 GMT" time="0.379" errors="0">
  <testcase name="readpdf" time="0.379" classname="ReadPDFDocuments.PDFReaderTest"/>
</testsuite> <!-- ReadPDFDocuments.PDFReaderTest -->
